Trần tiến Phúc,2025-10-28 20:58:27
Trần tiến Phúc,2025-10-28 20:58:30
Trần tiến Phúc,2025-10-28 20:58:39
Trần tiến Phúc,2025-10-28 21:00:02
Trần tiến Phúc,2025-10-28 21:00:05
Trần tiến Phúc,2025-10-28 21:00:08
NV001,2025-10-28 21:00:10
Trần tiến Phúc,2025-10-28 21:00:10
NV001,2025-10-28 21:00:10
Trần tiến Phúc,2025-10-28 21:00:10
NV001,2025-10-28 21:00:12
Trần tiến Phúc,2025-10-28 21:00:14
Trần tiến Phúc,2025-10-28 21:00:17
Trần tiến Phúc,2025-10-28 21:01:42
Trần tiến Phúc,2025-10-28 21:01:45
Trần tiến Phúc,2025-10-28 21:01:48
Trần tiến Phúc,2025-10-28 21:01:51
Trần tiến Phúc,2025-10-28 21:01:59
Trần tiến Phúc,2025-10-28 21:02:02
Trần tiến Phúc,2025-10-28 21:02:05
NV001,2025-10-28 21:02:07
Trần tiến Phúc,2025-10-28 21:02:08
Trần tiến Phúc,2025-10-28 21:02:11
Trần tiến Phúc,2025-10-28 21:02:14
NV001,2025-10-28 21:02:16
Trần tiến Phúc,2025-10-28 21:02:16
Tran Tien Phuc,2025-10-28 21:02:33
NV001,2025-10-28 21:02:36
Tran Tien Phuc,2025-10-28 21:02:36
NV001,2025-10-28 21:02:36
Tran Tien Phuc,2025-10-28 21:02:36
NV001,2025-10-28 21:02:36
NV001,2025-10-28 21:02:40
NV001,2025-10-28 21:02:43
NV001,2025-10-28 21:02:51
Tran Tien Phuc,2025-10-28 21:02:51
Tran Tien Phuc,2025-10-28 21:02:54
Tran Tien Phuc,2025-10-28 21:02:57
Tran Tien Phuc,2025-10-28 21:03:00
Tran Tien Phuc,2025-10-28 21:03:03
Tran Tien Phuc,2025-10-28 21:03:06
Tran Tien Phuc,2025-10-28 21:03:09
Tran Tien Phuc,2025-10-28 21:03:12
Tran Tien Phuc,2025-10-28 21:03:16
Tran Tien Phuc,2025-10-28 21:03:19
Tran Tien Phuc,2025-10-28 21:03:22
Tran Tien Phuc,2025-10-28 21:03:25
tran tien phuc,2025-10-28 21:04:41
tran tien phuc,2025-10-28 21:04:44
tran tien phuc,2025-10-28 21:04:47
tran tien phuc,2025-10-28 21:04:58
tran tien phuc,2025-10-28 21:05:01
tran tien phuc,2025-10-28 21:05:04
tran tien phuc,2025-10-28 21:05:07
tran tien phuc,2025-10-28 21:05:48
tran tien phuc,2025-10-28 21:05:51
tran tien phuc,2025-10-28 21:05:54
tran tien phuc,2025-10-28 21:05:57
tran tien phuc,2025-10-28 21:06:05
tran tien phuc,2025-10-28 21:06:08
tran tien phuc,2025-10-28 21:07:18
tran tien phuc,2025-10-28 21:07:21
tran tien phuc,2025-10-28 21:07:24
tran tien phuc,2025-10-28 21:07:27
tran tien phuc,2025-10-28 21:07:30
tran tien phuc,2025-10-28 21:07:39
tran tien phuc,2025-10-28 21:08:28
tran tien phuc,2025-10-28 21:08:31
tran tien phuc,2025-10-28 21:08:34
tran tien phuc,2025-10-28 21:08:37
tran tien phuc,2025-10-28 21:08:40
tran tien phuc,2025-10-28 21:08:43
tran tien phuc,2025-10-28 21:08:47
tran tien phuc,2025-10-28 21:08:50
tran tien phuc,2025-10-28 21:08:53
tran tien phuc,2025-10-28 21:09:23
tran tien phuc,2025-10-28 21:09:27
tran tien phuc,2025-10-28 21:09:34
tran tien phuc,2025-10-28 21:09:37
tran tien phuc,2025-10-28 21:09:42
tran tien phuc,2025-10-28 21:09:48
tran tien phuc,2025-10-28 21:09:51
tran tien phuc,2025-10-28 21:09:55
tran tien phuc,2025-10-28 21:22:25
tran tien phuc,2025-10-28 21:22:28
tran tien phuc,2025-10-28 21:22:31
tran tien phuc,2025-10-28 21:22:34
tran tien phuc,2025-10-28 21:22:37
tran tien phuc,2025-10-28 21:22:41
tran tien phuc,2025-10-28 21:22:46
tran tien phuc,2025-10-28 21:22:49
tran tien phuc,2025-10-28 21:22:55
tran tien phuc,2025-10-28 21:22:58
tran tien phuc,2025-10-28 21:23:01
tran tien phuc,2025-10-28 21:23:04
nguyen xuan dat,2025-10-28 21:40:00
nguyen xuan dat,2025-10-28 21:40:03
nguyen xuan dat,2025-10-28 21:40:07
nguyen xuan dat,2025-10-28 21:40:10
nguyen xuan dat,2025-10-28 21:40:14
nguyen xuan dat,2025-10-28 21:40:17
nguyen xuan dat,2025-10-28 21:41:00
nguyen xuan dat,2025-10-28 21:41:10
nguyen xuan dat,2025-10-28 21:41:14
obama,2025-10-28 21:41:16
nguyen xuan dat,2025-10-28 21:41:17
obama,2025-10-28 21:41:19
nguyen xuan dat,2025-10-28 21:41:19
nguyen xuan dat,2025-10-28 21:41:26
nguyen xuan dat,2025-10-28 21:41:29
nguyen xuan dat,2025-10-28 21:43:20
Ai do?,2025-10-28 21:43:23
nguyen xuan dat,2025-10-28 21:43:24
nguyen xuan dat,2025-10-28 21:43:27
Ai do?,2025-10-28 21:43:28
nguyen xuan dat,2025-10-28 21:43:28
nguyen xuan dat,2025-10-28 21:43:31
nguyen xuan dat,2025-10-28 21:43:49
Ai do?,2025-10-28 21:43:51
nguyen xuan dat,2025-10-28 21:43:53
nguyen xuan dat,2025-10-28 21:44:03
nguyen xuan dat,2025-10-28 21:44:10
nguyen xuan dat,2025-10-28 21:44:20
nguyen xuan dat,2025-10-28 21:44:24
nguyen xuan dat,2025-10-28 21:44:27
nguyen xuan dat,2025-10-28 21:44:41
nguyen xuan dat,2025-10-28 21:44:44
nguyen xuan dat,2025-10-28 21:51:26
nguyen xuan dat,2025-10-28 21:51:30
nguyen xuan dat,2025-10-28 21:51:34
nguyen xuan dat,2025-10-28 21:51:41
nguyen xuan dat,2025-10-28 21:51:46
nguyen xuan dat,2025-10-28 21:51:49
nguyen xuan dat,2025-10-28 21:53:29
nguyen xuan dat,2025-10-28 21:53:32
nguyen xuan dat,2025-10-28 21:53:35
nguyen xuan dat,2025-10-28 21:53:44
nguyen xuan dat,2025-10-28 21:53:48
nguyen xuan dat,2025-10-28 21:54:03
nguyen xuan dat,2025-10-28 21:54:09
nguyen xuan dat,2025-10-28 21:54:12
NV001,2025-10-28 21:58:02
NV001,2025-10-28 21:58:05
NV002,2025-10-28 21:58:05
NV001,2025-10-28 21:58:07
NV002,2025-10-28 21:58:08
NV001,2025-10-28 21:58:09
NV002,2025-10-28 21:58:09
NV001,2025-10-28 21:58:09
NV002,2025-10-28 21:58:10
NV001,2025-10-28 21:58:10
NV002,2025-10-28 21:58:10
NV001,2025-10-28 21:58:12
NV002,2025-10-28 21:58:12
NV001,2025-10-28 21:58:12
NV002,2025-10-28 21:58:12
NV001,2025-10-28 21:58:13
NV001,2025-10-28 21:58:16
nguyen Xuan dat,2025-10-28 21:59:57
obama,2025-10-28 21:59:58
nguyen Xuan dat,2025-10-28 22:00:00
nguyen Xuan dat,2025-10-28 22:00:03
Ai do?,2025-10-28 22:08:52
Ai do?,2025-10-28 22:08:55
nguyen xuan dat,2025-10-28 22:12:55
nguyen xuan dat,2025-10-28 22:12:58
nguyen xuan dat,2025-10-28 22:13:04
nguyen xuan dat,2025-10-28 22:13:10
nguyen xuan dat,2025-10-28 22:13:14
nguyen xuan dat,2025-10-28 22:13:17
nguyen xuan dat,2025-10-28 22:13:23
nguyen xuan dat,2025-10-28 22:13:26
nguyen xuan dat,2025-10-28 22:13:29
nguyen xuan dat,2025-10-28 22:13:32
nguyen xuan dat,2025-10-28 22:13:35
nguyen xuan dat,2025-10-28 22:13:38
nguyen xuan dat,2025-10-28 22:13:41
obama,2025-10-28 22:13:46
nguyen xuan dat,2025-10-28 22:13:46
obama,2025-10-28 22:13:46
nguyen xuan dat,2025-10-28 22:13:47
nguyen xuan dat,2025-10-28 22:13:51
nguyen xuan dat,2025-10-28 22:13:55
nguyen xuan dat,2025-10-28 22:14:00
nguyen xuan dat,2025-10-28 22:14:07
obama,2025-10-28 22:14:08
obama,2025-10-28 22:14:14
obama,2025-10-28 22:14:17
obama,2025-10-28 22:14:21
nguyen xuan dat,2025-10-28 22:14:23
obama,2025-10-28 22:14:24
obama,2025-10-28 22:14:40
nguyen xuan dat,2025-10-28 22:14:43
nguyen xuan dat,2025-10-28 22:14:46
obama,2025-10-28 22:14:47
nguyen xuan dat,2025-10-28 22:14:47
nguyen xuan dat,2025-10-28 22:14:50
nguyen xuan dat,2025-10-28 22:14:53
nguyen xuan dat,2025-10-28 22:14:59
obama,2025-10-28 22:15:00
nguyen xuan dat,2025-10-28 22:15:00
nguyen xuan dat,2025-10-28 22:15:10
nguyen xuan dat,2025-10-28 22:15:13
nguyen xuan dat,2025-10-28 22:15:16
nguyen xuan dat,2025-10-28 22:15:21
nguyen xuan dat,2025-10-28 22:15:25
nguyen xuan dat,2025-10-28 22:15:38
nguyen xuan dat,2025-10-28 22:15:41
nguyen xuan dat,2025-10-28 22:15:44
nguyen xuan dat,2025-10-28 22:15:50
nguyen xuan dat,2025-10-28 22:15:53
nguyen xuan dat,2025-10-28 22:16:01
nguyen xuan dat,2025-10-28 22:16:06
obama,2025-10-28 22:16:07
nguyen xuan dat,2025-10-28 22:16:07
obama,2025-10-28 22:16:08
nguyen xuan dat,2025-10-28 22:16:09
obama,2025-10-28 22:16:10
nguyen xuan dat,2025-10-28 22:16:11
nguyen xuan dat,2025-10-28 22:16:20
nguyen xuan dat,2025-10-28 22:16:23
nguyen xuan dat,2025-10-28 22:20:36
nguyen xuan dat,2025-10-28 22:20:39
nguyen xuan dat,2025-10-28 22:20:42
nguyen xuan dat,2025-10-28 22:20:47
obama,2025-10-28 22:20:50
nguyen xuan dat,2025-10-28 22:20:50
obama,2025-10-28 22:20:50
obama,2025-10-28 22:20:54
nguyen xuan dat,2025-10-28 22:20:55
obama,2025-10-28 22:20:56
obama,2025-10-28 22:21:00
nguyen xuan dat,2025-10-28 22:21:02
obama,2025-10-28 22:21:04
nguyen xuan dat,2025-10-28 22:21:05
obama,2025-10-28 22:21:06
nguyen xuan dat,2025-10-28 22:21:07
obama,2025-10-28 22:21:07
obama,2025-10-28 22:21:10
nguyen xuan dat,2025-10-28 22:21:13
obama,2025-10-28 22:21:13
nguyen xuan dat,2025-10-28 22:21:21
nguyen xuan dat,2025-10-28 22:21:28
nguyen xuan dat,2025-10-28 22:21:31
nguyen xuan dat,2025-10-28 22:24:38
nguyen xuan dat,2025-10-28 22:24:42
obama,2025-10-28 22:24:44
nguyen xuan dat,2025-10-28 22:24:45
obama,2025-10-28 22:24:45
nguyen xuan dat,2025-10-28 22:24:45
obama,2025-10-28 22:24:45
nguyen xuan dat,2025-10-28 22:24:46
obama,2025-10-28 22:24:46
nguyen xuan dat,2025-10-28 22:24:48
obama,2025-10-28 22:24:50
obama,2025-10-28 22:24:53
nguyen xuan dat,2025-10-28 22:24:54
nguyen xuan dat,2025-10-28 22:25:13
nguyen xuan dat,2025-10-28 22:25:16
nguyen xuan dat,2025-10-28 22:25:19
nguyen xuan dat,2025-10-28 22:25:22
nguyen xuan dat,2025-10-28 22:25:25
Ronaldo,2025-10-28 22:25:29
obama,2025-10-28 22:25:30
Ronaldo,2025-10-28 22:25:30
obama,2025-10-28 22:25:31
nguyen xuan dat,2025-10-28 22:25:31
obama,2025-10-28 22:25:31
nguyen xuan dat,2025-10-28 22:25:32
obama,2025-10-28 22:25:32
nguyen xuan dat,2025-10-28 22:25:33
nguyen xuan dat,2025-10-28 22:25:36
nguyen xuan dat,2025-10-28 22:25:39
nguyen xuan dat,2025-10-28 22:25:43
nguyen xuan dat,2025-10-28 22:25:46
nguyen xuan dat,2025-10-28 22:25:53
Ronaldo,2025-10-28 22:26:03
Ronaldo,2025-10-28 22:26:09
obama,2025-10-28 22:26:09
nguyen xuan dat,2025-10-28 22:26:09
nguyen xuan dat,2025-10-28 22:26:12
nguyen xuan dat,2025-10-28 22:26:16
nguyen xuan dat,2025-10-28 22:26:19
nguyen xuan dat,2025-10-28 22:26:22
nguyen xuan dat,2025-10-28 22:26:26
nguyen xuan dat,2025-10-28 22:26:29
obama,2025-10-28 22:26:31
nguyen xuan dat,2025-10-28 22:26:31
nguyen xuan dat,2025-10-28 22:26:37
Ronaldo,2025-10-28 22:26:44
nguyen xuan dat,2025-10-28 22:26:44
obama,2025-10-28 22:28:10
nguyen xuan dat,2025-10-28 22:28:10
ronaldo 2,2025-10-28 22:28:11
nguyen xuan dat,2025-10-28 22:28:14
ronaldo 2,2025-10-28 22:28:16
nguyen xuan dat,2025-10-28 22:28:18
Ronaldo,2025-10-28 22:28:22
nguyen xuan dat,2025-10-28 22:28:25
nguyen xuan dat,2025-10-28 22:28:31
nguyen xuan dat,2025-10-28 22:28:38
nguyen xuan dat,2025-10-28 22:28:41
nguyen xuan dat,2025-10-28 22:28:44
Ronaldo,2025-10-28 22:28:46
obama,2025-10-28 22:28:46
nguyen xuan dat,2025-10-28 22:28:47
obama,2025-10-28 22:28:48
Ronaldo,2025-10-28 22:28:50
obama,2025-10-28 22:28:50
Ronaldo,2025-10-28 22:28:50
obama,2025-10-28 22:28:51
Ronaldo,2025-10-28 22:28:51
obama,2025-10-28 22:28:52
Ronaldo,2025-10-28 22:28:53
nguyen xuan dat,2025-10-28 22:28:54
Ronaldo,2025-10-28 22:28:54
nguyen xuan dat,2025-10-28 22:28:54
Ronaldo,2025-10-28 22:28:56
Ronaldo,2025-10-28 22:28:59
Ronaldo,2025-10-28 22:29:02
nguyen xuan dat,2025-10-28 22:29:05
nguyen xuan dat,2025-10-28 22:30:46
elon musk,2025-10-28 22:30:46
nguyen xuan dat,2025-10-28 22:30:47
elon musk,2025-10-28 22:30:47
nguyen xuan dat,2025-10-28 22:30:48
elon musk,2025-10-28 22:30:48
nguyen xuan dat,2025-10-28 22:30:48
elon musk,2025-10-28 22:30:49
nguyen xuan dat,2025-10-28 22:30:49
elon musk,2025-10-28 22:30:49
nguyen xuan dat,2025-10-28 22:30:49
elon musk,2025-10-28 22:30:50
nguyen xuan dat,2025-10-28 22:30:50
elon musk,2025-10-28 22:30:50
nguyen xuan dat,2025-10-28 22:30:50
elon musk,2025-10-28 22:30:50
nguyen xuan dat,2025-10-28 22:30:51
elon musk,2025-10-28 22:30:51
nguyen xuan dat,2025-10-28 22:30:51
elon musk,2025-10-28 22:30:51
nguyen xuan dat,2025-10-28 22:30:52
Ronaldo,2025-10-28 22:30:57
nguyen xuan dat,2025-10-28 22:30:57
nguyen xuan dat,2025-10-28 22:31:00
obama,2025-10-28 22:31:01
elon musk,2025-10-28 22:31:03
elon musk,2025-10-28 22:31:06
Ronaldo,2025-10-28 22:31:10
obama,2025-10-28 22:31:10
Ronaldo,2025-10-28 22:31:11
ronaldo 2,2025-10-28 22:31:15
elon musk,2025-10-28 22:31:18
Ronaldo,2025-10-28 22:31:20
ronaldo 2,2025-10-28 22:31:20
obama,2025-10-28 22:31:21
Ronaldo,2025-10-28 22:31:21
ronaldo 2,2025-10-28 22:31:23
nguyen xuan dat,2025-10-28 22:31:26
nguyen xuan dat,2025-10-28 22:31:29
